[2025-04-16T06:06:33.263+0000] {local_task_job_runner.py:123} INFO - ::group::Pre task execution logs
[2025-04-16T06:06:33.316+0000] {taskinstance.py:2613} INFO - Dependencies all met for dep_context=non-requeueable deps ti=<TaskInstance: dbt_basics.dbt_run scheduled__2025-04-15T00:00:00+00:00 [queued]>
[2025-04-16T06:06:33.335+0000] {taskinstance.py:2613} INFO - Dependencies all met for dep_context=requeueable deps ti=<TaskInstance: dbt_basics.dbt_run scheduled__2025-04-15T00:00:00+00:00 [queued]>
[2025-04-16T06:06:33.335+0000] {taskinstance.py:2866} INFO - Starting attempt 1 of 1
[2025-04-16T06:06:33.356+0000] {taskinstance.py:2889} INFO - Executing <Task(BashOperator): dbt_run> on 2025-04-15 00:00:00+00:00
[2025-04-16T06:06:33.367+0000] {standard_task_runner.py:104} INFO - Running: ['airflow', 'tasks', 'run', 'dbt_basics', 'dbt_run', 'scheduled__2025-04-15T00:00:00+00:00', '--job-id', '19', '--raw', '--subdir', 'DAGS_FOLDER/basic/dbt_basics.py', '--cfg-path', '/tmp/tmpk8_0p0hq']
[2025-04-16T06:06:33.370+0000] {standard_task_runner.py:105} INFO - Job 19: Subtask dbt_run
[2025-04-16T06:06:33.373+0000] {logging_mixin.py:190} WARNING - /root/.cache/pypoetry/virtualenvs/02-dbt-in-airflow-BsnH11MF-py3.12/lib/python3.12/site-packages/airflow/task/task_runner/standard_task_runner.py:70 DeprecationWarning: This process (pid=163) is multi-threaded, use of fork() may lead to deadlocks in the child.
[2025-04-16T06:06:33.374+0000] {standard_task_runner.py:72} INFO - Started process 170 to run task
[2025-04-16T06:06:33.467+0000] {task_command.py:467} INFO - Running <TaskInstance: dbt_basics.dbt_run scheduled__2025-04-15T00:00:00+00:00 [running]> on host 9a8ef20dd1da
[2025-04-16T06:06:33.592+0000] {taskinstance.py:3132} INFO - Exporting env vars: AIRFLOW_CTX_DAG_OWNER='airflow' AIRFLOW_CTX_DAG_ID='dbt_basics' AIRFLOW_CTX_TASK_ID='dbt_run' AIRFLOW_CTX_EXECUTION_DATE='2025-04-15T00:00:00+00:00' AIRFLOW_CTX_TRY_NUMBER='1' AIRFLOW_CTX_DAG_RUN_ID='scheduled__2025-04-15T00:00:00+00:00'
[2025-04-16T06:06:33.593+0000] {taskinstance.py:731} INFO - ::endgroup::
[2025-04-16T06:06:33.614+0000] {subprocess.py:78} INFO - Tmp dir root location: /tmp
[2025-04-16T06:06:33.615+0000] {subprocess.py:88} INFO - Running command: ['/usr/bin/bash', '-c', 'dbt run --project-dir /app/airflow/dbt_lewagon']
[2025-04-16T06:06:33.625+0000] {subprocess.py:99} INFO - Output:
[2025-04-16T06:06:37.230+0000] {subprocess.py:106} INFO - [0m06:06:37  Running with dbt=1.9.1
[2025-04-16T06:06:39.984+0000] {subprocess.py:106} INFO - [0m06:06:39  Registered adapter: bigquery=1.9.0
[2025-04-16T06:06:40.950+0000] {subprocess.py:106} INFO - [0m06:06:40  Found 2 models, 4 data tests, 489 macros
[2025-04-16T06:06:40.955+0000] {subprocess.py:106} INFO - [0m06:06:40
[2025-04-16T06:06:40.955+0000] {subprocess.py:106} INFO - [0m06:06:40  Concurrency: 1 threads (target='dev')
[2025-04-16T06:06:40.956+0000] {subprocess.py:106} INFO - [0m06:06:40
[2025-04-16T06:06:42.352+0000] {subprocess.py:106} INFO - [0m06:06:42  1 of 2 START sql table model dbt_f***_day2_advanced.my_first_dbt_model ..... [RUN]
[2025-04-16T06:06:45.876+0000] {subprocess.py:106} INFO - [0m06:06:45  1 of 2 OK created sql table model dbt_f***_day2_advanced.my_first_dbt_model  [[32mCREATE TABLE (2.0 rows, 0 processed)[0m in 3.52s]
[2025-04-16T06:06:45.881+0000] {subprocess.py:106} INFO - [0m06:06:45  2 of 2 START sql view model dbt_f***_day2_advanced.my_second_dbt_model ..... [RUN]
[2025-04-16T06:06:47.387+0000] {subprocess.py:106} INFO - [0m06:06:47  2 of 2 OK created sql view model dbt_f***_day2_advanced.my_second_dbt_model  [[32mCREATE VIEW (0 processed)[0m in 1.50s]
[2025-04-16T06:06:47.447+0000] {subprocess.py:106} INFO - [0m06:06:47
[2025-04-16T06:06:47.447+0000] {subprocess.py:106} INFO - [0m06:06:47  Finished running 1 table model, 1 view model in 0 hours 0 minutes and 6.49 seconds (6.49s).
[2025-04-16T06:06:47.608+0000] {subprocess.py:106} INFO - [0m06:06:47
[2025-04-16T06:06:47.608+0000] {subprocess.py:106} INFO - [0m06:06:47  [32mCompleted successfully[0m
[2025-04-16T06:06:47.609+0000] {subprocess.py:106} INFO - [0m06:06:47
[2025-04-16T06:06:47.609+0000] {subprocess.py:106} INFO - [0m06:06:47  Done. PASS=2 WARN=0 ERROR=0 SKIP=0 TOTAL=2
[2025-04-16T06:06:48.999+0000] {subprocess.py:110} INFO - Command exited with return code 0
[2025-04-16T06:06:49.043+0000] {taskinstance.py:340} INFO - ::group::Post task execution logs
[2025-04-16T06:06:49.043+0000] {taskinstance.py:352} INFO - Marking task as SUCCESS. dag_id=dbt_basics, task_id=dbt_run, run_id=scheduled__2025-04-15T00:00:00+00:00, execution_date=20250415T000000, start_date=20250416T060633, end_date=20250416T060649
[2025-04-16T06:06:49.084+0000] {local_task_job_runner.py:266} INFO - Task exited with return code 0
[2025-04-16T06:06:49.118+0000] {taskinstance.py:3895} INFO - 0 downstream tasks scheduled from follow-on schedule check
[2025-04-16T06:06:49.120+0000] {local_task_job_runner.py:245} INFO - ::endgroup::
