[2025-04-15T07:26:35.597+0000] {local_task_job_runner.py:123} INFO - ::group::Pre task execution logs
[2025-04-15T07:26:35.630+0000] {taskinstance.py:2613} INFO - Dependencies all met for dep_context=non-requeueable deps ti=<TaskInstance: dbt_advanced.model.dbt_lewagon.my_first_dbt_model scheduled__2025-04-14T00:00:00+00:00 [queued]>
[2025-04-15T07:26:35.640+0000] {taskinstance.py:2613} INFO - Dependencies all met for dep_context=requeueable deps ti=<TaskInstance: dbt_advanced.model.dbt_lewagon.my_first_dbt_model scheduled__2025-04-14T00:00:00+00:00 [queued]>
[2025-04-15T07:26:35.640+0000] {taskinstance.py:2866} INFO - Starting attempt 1 of 1
[2025-04-15T07:26:35.654+0000] {taskinstance.py:2889} INFO - Executing <Task(BashOperator): model.dbt_lewagon.my_first_dbt_model> on 2025-04-14 00:00:00+00:00
[2025-04-15T07:26:35.675+0000] {standard_task_runner.py:104} INFO - Running: ['airflow', 'tasks', 'run', 'dbt_advanced', 'model.dbt_lewagon.my_first_dbt_model', 'scheduled__2025-04-14T00:00:00+00:00', '--job-id', '5', '--raw', '--subdir', 'DAGS_FOLDER/advanced/dbt_advanced.py', '--cfg-path', '/tmp/tmpe99h3w6a']
[2025-04-15T07:26:35.677+0000] {standard_task_runner.py:105} INFO - Job 5: Subtask model.dbt_lewagon.my_first_dbt_model
[2025-04-15T07:26:35.683+0000] {logging_mixin.py:190} WARNING - /root/.cache/pypoetry/virtualenvs/02-dbt-in-airflow-BsnH11MF-py3.12/lib/python3.12/site-packages/airflow/task/task_runner/standard_task_runner.py:70 DeprecationWarning: This process (pid=1170) is multi-threaded, use of fork() may lead to deadlocks in the child.
[2025-04-15T07:26:35.684+0000] {standard_task_runner.py:72} INFO - Started process 1172 to run task
[2025-04-15T07:26:35.768+0000] {task_command.py:467} INFO - Running <TaskInstance: dbt_advanced.model.dbt_lewagon.my_first_dbt_model scheduled__2025-04-14T00:00:00+00:00 [running]> on host 9a8ef20dd1da
[2025-04-15T07:26:35.889+0000] {taskinstance.py:3132} INFO - Exporting env vars: AIRFLOW_CTX_DAG_OWNER='airflow' AIRFLOW_CTX_DAG_ID='dbt_advanced' AIRFLOW_CTX_TASK_ID='model.dbt_lewagon.my_first_dbt_model' AIRFLOW_CTX_EXECUTION_DATE='2025-04-14T00:00:00+00:00' AIRFLOW_CTX_TRY_NUMBER='1' AIRFLOW_CTX_DAG_RUN_ID='scheduled__2025-04-14T00:00:00+00:00'
[2025-04-15T07:26:35.890+0000] {taskinstance.py:731} INFO - ::endgroup::
[2025-04-15T07:26:35.911+0000] {subprocess.py:78} INFO - Tmp dir root location: /tmp
[2025-04-15T07:26:35.912+0000] {subprocess.py:88} INFO - Running command: ['/usr/bin/bash', '-c', 'dbt run --models my_first_dbt_model --project-dir /app/airflow/dbt_lewagon']
[2025-04-15T07:26:35.923+0000] {subprocess.py:99} INFO - Output:
[2025-04-15T07:26:38.087+0000] {subprocess.py:106} INFO - [0m07:26:38  Running with dbt=1.9.1
[2025-04-15T07:26:39.638+0000] {subprocess.py:106} INFO - [0m07:26:39  Registered adapter: bigquery=1.9.0
[2025-04-15T07:26:40.053+0000] {subprocess.py:106} INFO - [0m07:26:40  Unable to do partial parsing because profile has changed
[2025-04-15T07:26:42.177+0000] {subprocess.py:106} INFO - [0m07:26:42  Found 2 models, 4 data tests, 489 macros
[2025-04-15T07:26:42.179+0000] {subprocess.py:106} INFO - [0m07:26:42
[2025-04-15T07:26:42.180+0000] {subprocess.py:106} INFO - [0m07:26:42  Concurrency: 1 threads (target='dev')
[2025-04-15T07:26:42.180+0000] {subprocess.py:106} INFO - [0m07:26:42
[2025-04-15T07:26:46.892+0000] {subprocess.py:106} INFO - [0m07:26:46  1 of 1 START sql table model dbt_f***_day2_advanced.my_first_dbt_model ..... [RUN]
[2025-04-15T07:27:56.862+0000] {subprocess.py:106} INFO - [0m07:27:56  1 of 1 OK created sql table model dbt_f***_day2_advanced.my_first_dbt_model  [[32mCREATE TABLE (2.0 rows, 0 processed)[0m in 69.97s]
[2025-04-15T07:27:56.914+0000] {subprocess.py:106} INFO - [0m07:27:56
[2025-04-15T07:27:56.915+0000] {subprocess.py:106} INFO - [0m07:27:56  Finished running 1 table model in 0 hours 1 minutes and 14.73 seconds (74.73s).
[2025-04-15T07:27:56.960+0000] {subprocess.py:106} INFO - [0m07:27:56
[2025-04-15T07:27:56.960+0000] {subprocess.py:106} INFO - [0m07:27:56  [32mCompleted successfully[0m
[2025-04-15T07:27:56.961+0000] {subprocess.py:106} INFO - [0m07:27:56
[2025-04-15T07:27:56.961+0000] {subprocess.py:106} INFO - [0m07:27:56  Done. PASS=1 WARN=0 ERROR=0 SKIP=0 TOTAL=1
[2025-04-15T07:27:58.171+0000] {subprocess.py:110} INFO - Command exited with return code 0
[2025-04-15T07:27:58.235+0000] {taskinstance.py:340} INFO - ::group::Post task execution logs
[2025-04-15T07:27:58.235+0000] {taskinstance.py:352} INFO - Marking task as SUCCESS. dag_id=dbt_advanced, task_id=model.dbt_lewagon.my_first_dbt_model, run_id=scheduled__2025-04-14T00:00:00+00:00, execution_date=20250414T000000, start_date=20250415T072635, end_date=20250415T072758
[2025-04-15T07:27:58.293+0000] {local_task_job_runner.py:266} INFO - Task exited with return code 0
[2025-04-15T07:27:58.329+0000] {taskinstance.py:3895} INFO - 3 downstream tasks scheduled from follow-on schedule check
[2025-04-15T07:27:58.331+0000] {local_task_job_runner.py:245} INFO - ::endgroup::
