[2025-04-16T06:06:33.164+0000] {local_task_job_runner.py:123} INFO - ::group::Pre task execution logs
[2025-04-16T06:06:33.204+0000] {taskinstance.py:2613} INFO - Dependencies all met for dep_context=non-requeueable deps ti=<TaskInstance: dbt_advanced.model.dbt_lewagon.my_first_dbt_model scheduled__2025-04-15T00:00:00+00:00 [queued]>
[2025-04-16T06:06:33.219+0000] {taskinstance.py:2613} INFO - Dependencies all met for dep_context=requeueable deps ti=<TaskInstance: dbt_advanced.model.dbt_lewagon.my_first_dbt_model scheduled__2025-04-15T00:00:00+00:00 [queued]>
[2025-04-16T06:06:33.219+0000] {taskinstance.py:2866} INFO - Starting attempt 1 of 1
[2025-04-16T06:06:33.247+0000] {taskinstance.py:2889} INFO - Executing <Task(BashOperator): model.dbt_lewagon.my_first_dbt_model> on 2025-04-15 00:00:00+00:00
[2025-04-16T06:06:33.271+0000] {standard_task_runner.py:104} INFO - Running: ['airflow', 'tasks', 'run', 'dbt_advanced', 'model.dbt_lewagon.my_first_dbt_model', 'scheduled__2025-04-15T00:00:00+00:00', '--job-id', '18', '--raw', '--subdir', 'DAGS_FOLDER/advanced/dbt_advanced.py', '--cfg-path', '/tmp/tmp3l4zec3z']
[2025-04-16T06:06:33.274+0000] {standard_task_runner.py:105} INFO - Job 18: Subtask model.dbt_lewagon.my_first_dbt_model
[2025-04-16T06:06:33.283+0000] {logging_mixin.py:190} WARNING - /root/.cache/pypoetry/virtualenvs/02-dbt-in-airflow-BsnH11MF-py3.12/lib/python3.12/site-packages/airflow/task/task_runner/standard_task_runner.py:70 DeprecationWarning: This process (pid=162) is multi-threaded, use of fork() may lead to deadlocks in the child.
[2025-04-16T06:06:33.284+0000] {standard_task_runner.py:72} INFO - Started process 167 to run task
[2025-04-16T06:06:33.365+0000] {task_command.py:467} INFO - Running <TaskInstance: dbt_advanced.model.dbt_lewagon.my_first_dbt_model scheduled__2025-04-15T00:00:00+00:00 [running]> on host 9a8ef20dd1da
[2025-04-16T06:06:33.541+0000] {taskinstance.py:3132} INFO - Exporting env vars: AIRFLOW_CTX_DAG_OWNER='airflow' AIRFLOW_CTX_DAG_ID='dbt_advanced' AIRFLOW_CTX_TASK_ID='model.dbt_lewagon.my_first_dbt_model' AIRFLOW_CTX_EXECUTION_DATE='2025-04-15T00:00:00+00:00' AIRFLOW_CTX_TRY_NUMBER='1' AIRFLOW_CTX_DAG_RUN_ID='scheduled__2025-04-15T00:00:00+00:00'
[2025-04-16T06:06:33.542+0000] {taskinstance.py:731} INFO - ::endgroup::
[2025-04-16T06:06:33.586+0000] {subprocess.py:78} INFO - Tmp dir root location: /tmp
[2025-04-16T06:06:33.586+0000] {subprocess.py:88} INFO - Running command: ['/usr/bin/bash', '-c', 'dbt run --models my_first_dbt_model --project-dir /app/airflow/dbt_lewagon']
[2025-04-16T06:06:33.602+0000] {subprocess.py:99} INFO - Output:
[2025-04-16T06:06:37.230+0000] {subprocess.py:106} INFO - [0m06:06:37  Running with dbt=1.9.1
[2025-04-16T06:06:40.016+0000] {subprocess.py:106} INFO - [0m06:06:40  Registered adapter: bigquery=1.9.0
[2025-04-16T06:06:40.981+0000] {subprocess.py:106} INFO - [0m06:06:40  Found 2 models, 4 data tests, 489 macros
[2025-04-16T06:06:40.984+0000] {subprocess.py:106} INFO - [0m06:06:40
[2025-04-16T06:06:40.985+0000] {subprocess.py:106} INFO - [0m06:06:40  Concurrency: 1 threads (target='dev')
[2025-04-16T06:06:40.986+0000] {subprocess.py:106} INFO - [0m06:06:40
[2025-04-16T06:06:42.376+0000] {subprocess.py:106} INFO - [0m06:06:42  1 of 1 START sql table model dbt_f***_day2_advanced.my_first_dbt_model ..... [RUN]
[2025-04-16T06:07:48.752+0000] {subprocess.py:106} INFO - [0m06:07:48  1 of 1 OK created sql table model dbt_f***_day2_advanced.my_first_dbt_model  [[32mCREATE TABLE (2.0 rows, 0 processed)[0m in 66.37s]
[2025-04-16T06:07:48.814+0000] {subprocess.py:106} INFO - [0m06:07:48
[2025-04-16T06:07:48.815+0000] {subprocess.py:106} INFO - [0m06:07:48  Finished running 1 table model in 0 hours 1 minutes and 7.83 seconds (67.83s).
[2025-04-16T06:07:49.007+0000] {subprocess.py:106} INFO - [0m06:07:49
[2025-04-16T06:07:49.007+0000] {subprocess.py:106} INFO - [0m06:07:49  [32mCompleted successfully[0m
[2025-04-16T06:07:49.008+0000] {subprocess.py:106} INFO - [0m06:07:49
[2025-04-16T06:07:49.009+0000] {subprocess.py:106} INFO - [0m06:07:49  Done. PASS=1 WARN=0 ERROR=0 SKIP=0 TOTAL=1
[2025-04-16T06:07:50.278+0000] {subprocess.py:110} INFO - Command exited with return code 0
[2025-04-16T06:07:50.333+0000] {taskinstance.py:340} INFO - ::group::Post task execution logs
[2025-04-16T06:07:50.334+0000] {taskinstance.py:352} INFO - Marking task as SUCCESS. dag_id=dbt_advanced, task_id=model.dbt_lewagon.my_first_dbt_model, run_id=scheduled__2025-04-15T00:00:00+00:00, execution_date=20250415T000000, start_date=20250416T060633, end_date=20250416T060750
[2025-04-16T06:07:50.364+0000] {local_task_job_runner.py:266} INFO - Task exited with return code 0
[2025-04-16T06:07:50.401+0000] {taskinstance.py:3895} INFO - 3 downstream tasks scheduled from follow-on schedule check
[2025-04-16T06:07:50.403+0000] {local_task_job_runner.py:245} INFO - ::endgroup::
