[2025-04-15T07:10:44.849+0000] {local_task_job_runner.py:123} INFO - ::group::Pre task execution logs
[2025-04-15T07:10:44.897+0000] {taskinstance.py:2613} INFO - Dependencies all met for dep_context=non-requeueable deps ti=<TaskInstance: dbt_basics.dbt_run manual__2025-04-15T07:10:19.637831+00:00 [queued]>
[2025-04-15T07:10:44.913+0000] {taskinstance.py:2613} INFO - Dependencies all met for dep_context=requeueable deps ti=<TaskInstance: dbt_basics.dbt_run manual__2025-04-15T07:10:19.637831+00:00 [queued]>
[2025-04-15T07:10:44.913+0000] {taskinstance.py:2866} INFO - Starting attempt 1 of 1
[2025-04-15T07:10:44.937+0000] {taskinstance.py:2889} INFO - Executing <Task(BashOperator): dbt_run> on 2025-04-15 07:10:19.637831+00:00
[2025-04-15T07:10:44.955+0000] {standard_task_runner.py:104} INFO - Running: ['airflow', 'tasks', 'run', 'dbt_basics', 'dbt_run', 'manual__2025-04-15T07:10:19.637831+00:00', '--job-id', '3', '--raw', '--subdir', 'DAGS_FOLDER/basic/dbt_basics.py', '--cfg-path', '/tmp/tmpk9hcr2zq']
[2025-04-15T07:10:44.957+0000] {logging_mixin.py:190} WARNING - /root/.cache/pypoetry/virtualenvs/02-dbt-in-airflow-BsnH11MF-py3.12/lib/python3.12/site-packages/airflow/task/task_runner/standard_task_runner.py:70 DeprecationWarning: This process (pid=447) is multi-threaded, use of fork() may lead to deadlocks in the child.
[2025-04-15T07:10:44.957+0000] {standard_task_runner.py:105} INFO - Job 3: Subtask dbt_run
[2025-04-15T07:10:44.959+0000] {standard_task_runner.py:72} INFO - Started process 449 to run task
[2025-04-15T07:10:45.059+0000] {task_command.py:467} INFO - Running <TaskInstance: dbt_basics.dbt_run manual__2025-04-15T07:10:19.637831+00:00 [running]> on host 9a8ef20dd1da
[2025-04-15T07:10:45.223+0000] {taskinstance.py:3132} INFO - Exporting env vars: AIRFLOW_CTX_DAG_OWNER='airflow' AIRFLOW_CTX_DAG_ID='dbt_basics' AIRFLOW_CTX_TASK_ID='dbt_run' AIRFLOW_CTX_EXECUTION_DATE='2025-04-15T07:10:19.637831+00:00' AIRFLOW_CTX_TRY_NUMBER='1' AIRFLOW_CTX_DAG_RUN_ID='manual__2025-04-15T07:10:19.637831+00:00'
[2025-04-15T07:10:45.224+0000] {taskinstance.py:731} INFO - ::endgroup::
[2025-04-15T07:10:45.250+0000] {subprocess.py:78} INFO - Tmp dir root location: /tmp
[2025-04-15T07:10:45.251+0000] {subprocess.py:88} INFO - Running command: ['/usr/bin/bash', '-c', 'dbt run --project-dir /app/airflow/dbt_lewagon']
[2025-04-15T07:10:45.261+0000] {subprocess.py:99} INFO - Output:
[2025-04-15T07:10:47.461+0000] {subprocess.py:106} INFO - [0m07:10:47  Running with dbt=1.9.1
[2025-04-15T07:10:49.252+0000] {subprocess.py:106} INFO - [0m07:10:49  Registered adapter: bigquery=1.9.0
[2025-04-15T07:10:49.866+0000] {subprocess.py:106} INFO - [0m07:10:49  Found 2 models, 4 data tests, 489 macros
[2025-04-15T07:10:49.869+0000] {subprocess.py:106} INFO - [0m07:10:49
[2025-04-15T07:10:49.869+0000] {subprocess.py:106} INFO - [0m07:10:49  Concurrency: 1 threads (target='dev')
[2025-04-15T07:10:49.870+0000] {subprocess.py:106} INFO - [0m07:10:49
[2025-04-15T07:10:51.247+0000] {subprocess.py:106} INFO - [0m07:10:51  1 of 2 START sql table model dbt_f***_day2.my_first_dbt_model .............. [RUN]
[2025-04-15T07:10:55.379+0000] {subprocess.py:106} INFO - [0m07:10:55  1 of 2 OK created sql table model dbt_f***_day2.my_first_dbt_model ......... [[32mCREATE TABLE (2.0 rows, 0 processed)[0m in 4.13s]
[2025-04-15T07:10:55.383+0000] {subprocess.py:106} INFO - [0m07:10:55  2 of 2 START sql view model dbt_f***_day2.my_second_dbt_model .............. [RUN]
[2025-04-15T07:10:57.230+0000] {subprocess.py:106} INFO - [0m07:10:57  2 of 2 OK created sql view model dbt_f***_day2.my_second_dbt_model ......... [[32mCREATE VIEW (0 processed)[0m in 1.85s]
[2025-04-15T07:10:57.282+0000] {subprocess.py:106} INFO - [0m07:10:57
[2025-04-15T07:10:57.282+0000] {subprocess.py:106} INFO - [0m07:10:57  Finished running 1 table model, 1 view model in 0 hours 0 minutes and 7.41 seconds (7.41s).
[2025-04-15T07:10:57.428+0000] {subprocess.py:106} INFO - [0m07:10:57
[2025-04-15T07:10:57.428+0000] {subprocess.py:106} INFO - [0m07:10:57  [32mCompleted successfully[0m
[2025-04-15T07:10:57.429+0000] {subprocess.py:106} INFO - [0m07:10:57
[2025-04-15T07:10:57.429+0000] {subprocess.py:106} INFO - [0m07:10:57  Done. PASS=2 WARN=0 ERROR=0 SKIP=0 TOTAL=2
[2025-04-15T07:10:58.674+0000] {subprocess.py:110} INFO - Command exited with return code 0
[2025-04-15T07:10:58.714+0000] {taskinstance.py:340} INFO - ::group::Post task execution logs
[2025-04-15T07:10:58.714+0000] {taskinstance.py:352} INFO - Marking task as SUCCESS. dag_id=dbt_basics, task_id=dbt_run, run_id=manual__2025-04-15T07:10:19.637831+00:00, execution_date=20250415T071019, start_date=20250415T071044, end_date=20250415T071058
[2025-04-15T07:10:58.772+0000] {local_task_job_runner.py:266} INFO - Task exited with return code 0
[2025-04-15T07:10:58.805+0000] {taskinstance.py:3895} INFO - 0 downstream tasks scheduled from follow-on schedule check
[2025-04-15T07:10:58.807+0000] {local_task_job_runner.py:245} INFO - ::endgroup::
