[2025-04-15T07:26:53.296+0000] {local_task_job_runner.py:123} INFO - ::group::Pre task execution logs
[2025-04-15T07:26:53.337+0000] {taskinstance.py:2613} INFO - Dependencies all met for dep_context=non-requeueable deps ti=<TaskInstance: dbt_advanced.model.dbt_lewagon.my_second_dbt_model manual__2025-04-15T07:26:34.586994+00:00 [queued]>
[2025-04-15T07:26:53.349+0000] {taskinstance.py:2613} INFO - Dependencies all met for dep_context=requeueable deps ti=<TaskInstance: dbt_advanced.model.dbt_lewagon.my_second_dbt_model manual__2025-04-15T07:26:34.586994+00:00 [queued]>
[2025-04-15T07:26:53.350+0000] {taskinstance.py:2866} INFO - Starting attempt 1 of 1
[2025-04-15T07:26:53.376+0000] {taskinstance.py:2889} INFO - Executing <Task(BashOperator): model.dbt_lewagon.my_second_dbt_model> on 2025-04-15 07:26:34.586994+00:00
[2025-04-15T07:26:53.391+0000] {standard_task_runner.py:104} INFO - Running: ['airflow', 'tasks', 'run', 'dbt_advanced', 'model.dbt_lewagon.my_second_dbt_model', 'manual__2025-04-15T07:26:34.586994+00:00', '--job-id', '9', '--raw', '--subdir', 'DAGS_FOLDER/advanced/dbt_advanced.py', '--cfg-path', '/tmp/tmpgxfbjkzr']
[2025-04-15T07:26:53.394+0000] {standard_task_runner.py:105} INFO - Job 9: Subtask model.dbt_lewagon.my_second_dbt_model
[2025-04-15T07:26:53.399+0000] {logging_mixin.py:190} WARNING - /root/.cache/pypoetry/virtualenvs/02-dbt-in-airflow-BsnH11MF-py3.12/lib/python3.12/site-packages/airflow/task/task_runner/standard_task_runner.py:70 DeprecationWarning: This process (pid=1220) is multi-threaded, use of fork() may lead to deadlocks in the child.
[2025-04-15T07:26:53.401+0000] {standard_task_runner.py:72} INFO - Started process 1227 to run task
[2025-04-15T07:26:53.497+0000] {task_command.py:467} INFO - Running <TaskInstance: dbt_advanced.model.dbt_lewagon.my_second_dbt_model manual__2025-04-15T07:26:34.586994+00:00 [running]> on host 9a8ef20dd1da
[2025-04-15T07:26:53.672+0000] {taskinstance.py:3132} INFO - Exporting env vars: AIRFLOW_CTX_DAG_OWNER='airflow' AIRFLOW_CTX_DAG_ID='dbt_advanced' AIRFLOW_CTX_TASK_ID='model.dbt_lewagon.my_second_dbt_model' AIRFLOW_CTX_EXECUTION_DATE='2025-04-15T07:26:34.586994+00:00' AIRFLOW_CTX_TRY_NUMBER='1' AIRFLOW_CTX_DAG_RUN_ID='manual__2025-04-15T07:26:34.586994+00:00'
[2025-04-15T07:26:53.673+0000] {taskinstance.py:731} INFO - ::endgroup::
[2025-04-15T07:26:53.694+0000] {subprocess.py:78} INFO - Tmp dir root location: /tmp
[2025-04-15T07:26:53.695+0000] {subprocess.py:88} INFO - Running command: ['/usr/bin/bash', '-c', 'dbt run --models my_second_dbt_model --project-dir /app/airflow/dbt_lewagon']
[2025-04-15T07:26:53.716+0000] {subprocess.py:99} INFO - Output:
[2025-04-15T07:26:57.595+0000] {subprocess.py:106} INFO - [0m07:26:57  Running with dbt=1.9.1
[2025-04-15T07:27:00.146+0000] {subprocess.py:106} INFO - [0m07:27:00  Registered adapter: bigquery=1.9.0
[2025-04-15T07:27:01.177+0000] {subprocess.py:106} INFO - [0m07:27:01  Found 2 models, 4 data tests, 489 macros
[2025-04-15T07:27:01.180+0000] {subprocess.py:106} INFO - [0m07:27:01
[2025-04-15T07:27:01.181+0000] {subprocess.py:106} INFO - [0m07:27:01  Concurrency: 1 threads (target='dev')
[2025-04-15T07:27:01.182+0000] {subprocess.py:106} INFO - [0m07:27:01
[2025-04-15T07:27:02.435+0000] {subprocess.py:106} INFO - [0m07:27:02  1 of 1 START sql view model dbt_f***_day2_advanced.my_second_dbt_model ..... [RUN]
[2025-04-15T07:27:04.403+0000] {subprocess.py:106} INFO - [0m07:27:04  1 of 1 OK created sql view model dbt_f***_day2_advanced.my_second_dbt_model  [[32mCREATE VIEW (0 processed)[0m in 1.96s]
[2025-04-15T07:27:04.457+0000] {subprocess.py:106} INFO - [0m07:27:04
[2025-04-15T07:27:04.459+0000] {subprocess.py:106} INFO - [0m07:27:04  Finished running 1 view model in 0 hours 0 minutes and 3.28 seconds (3.28s).
[2025-04-15T07:27:04.618+0000] {subprocess.py:106} INFO - [0m07:27:04
[2025-04-15T07:27:04.618+0000] {subprocess.py:106} INFO - [0m07:27:04  [32mCompleted successfully[0m
[2025-04-15T07:27:04.619+0000] {subprocess.py:106} INFO - [0m07:27:04
[2025-04-15T07:27:04.620+0000] {subprocess.py:106} INFO - [0m07:27:04  Done. PASS=1 WARN=0 ERROR=0 SKIP=0 TOTAL=1
[2025-04-15T07:27:05.910+0000] {subprocess.py:110} INFO - Command exited with return code 0
[2025-04-15T07:27:05.955+0000] {taskinstance.py:340} INFO - ::group::Post task execution logs
[2025-04-15T07:27:05.955+0000] {taskinstance.py:352} INFO - Marking task as SUCCESS. dag_id=dbt_advanced, task_id=model.dbt_lewagon.my_second_dbt_model, run_id=manual__2025-04-15T07:26:34.586994+00:00, execution_date=20250415T072634, start_date=20250415T072653, end_date=20250415T072705
[2025-04-15T07:27:06.017+0000] {local_task_job_runner.py:266} INFO - Task exited with return code 0
[2025-04-15T07:27:06.078+0000] {taskinstance.py:3895} INFO - 0 downstream tasks scheduled from follow-on schedule check
[2025-04-15T07:27:06.087+0000] {local_task_job_runner.py:245} INFO - ::endgroup::
