[2025-04-15T07:10:20.895+0000] {local_task_job_runner.py:123} INFO - ::group::Pre task execution logs
[2025-04-15T07:10:20.925+0000] {taskinstance.py:2613} INFO - Dependencies all met for dep_context=non-requeueable deps ti=<TaskInstance: dbt_basics.dbt_run scheduled__2025-04-14T00:00:00+00:00 [queued]>
[2025-04-15T07:10:20.934+0000] {taskinstance.py:2613} INFO - Dependencies all met for dep_context=requeueable deps ti=<TaskInstance: dbt_basics.dbt_run scheduled__2025-04-14T00:00:00+00:00 [queued]>
[2025-04-15T07:10:20.935+0000] {taskinstance.py:2866} INFO - Starting attempt 1 of 1
[2025-04-15T07:10:20.948+0000] {taskinstance.py:2889} INFO - Executing <Task(BashOperator): dbt_run> on 2025-04-14 00:00:00+00:00
[2025-04-15T07:10:20.957+0000] {standard_task_runner.py:104} INFO - Running: ['airflow', 'tasks', 'run', 'dbt_basics', 'dbt_run', 'scheduled__2025-04-14T00:00:00+00:00', '--job-id', '2', '--raw', '--subdir', 'DAGS_FOLDER/basic/dbt_basics.py', '--cfg-path', '/tmp/tmp4mx1zcck']
[2025-04-15T07:10:20.959+0000] {standard_task_runner.py:105} INFO - Job 2: Subtask dbt_run
[2025-04-15T07:10:20.961+0000] {logging_mixin.py:190} WARNING - /root/.cache/pypoetry/virtualenvs/02-dbt-in-airflow-BsnH11MF-py3.12/lib/python3.12/site-packages/airflow/task/task_runner/standard_task_runner.py:70 DeprecationWarning: This process (pid=416) is multi-threaded, use of fork() may lead to deadlocks in the child.
[2025-04-15T07:10:20.961+0000] {standard_task_runner.py:72} INFO - Started process 417 to run task
[2025-04-15T07:10:21.034+0000] {task_command.py:467} INFO - Running <TaskInstance: dbt_basics.dbt_run scheduled__2025-04-14T00:00:00+00:00 [running]> on host 9a8ef20dd1da
[2025-04-15T07:10:21.155+0000] {taskinstance.py:3132} INFO - Exporting env vars: AIRFLOW_CTX_DAG_OWNER='airflow' AIRFLOW_CTX_DAG_ID='dbt_basics' AIRFLOW_CTX_TASK_ID='dbt_run' AIRFLOW_CTX_EXECUTION_DATE='2025-04-14T00:00:00+00:00' AIRFLOW_CTX_TRY_NUMBER='1' AIRFLOW_CTX_DAG_RUN_ID='scheduled__2025-04-14T00:00:00+00:00'
[2025-04-15T07:10:21.156+0000] {taskinstance.py:731} INFO - ::endgroup::
[2025-04-15T07:10:21.205+0000] {subprocess.py:78} INFO - Tmp dir root location: /tmp
[2025-04-15T07:10:21.206+0000] {subprocess.py:88} INFO - Running command: ['/usr/bin/bash', '-c', 'dbt run --project-dir /app/airflow/dbt_lewagon']
[2025-04-15T07:10:21.216+0000] {subprocess.py:99} INFO - Output:
[2025-04-15T07:10:25.089+0000] {subprocess.py:106} INFO - [0m07:10:25  Running with dbt=1.9.1
[2025-04-15T07:10:29.255+0000] {subprocess.py:106} INFO - [0m07:10:29  Registered adapter: bigquery=1.9.0
[2025-04-15T07:10:29.630+0000] {subprocess.py:106} INFO - [0m07:10:29  Unable to do partial parsing because profile has changed
[2025-04-15T07:10:31.631+0000] {subprocess.py:106} INFO - [0m07:10:31  Found 2 models, 4 data tests, 489 macros
[2025-04-15T07:10:31.634+0000] {subprocess.py:106} INFO - [0m07:10:31
[2025-04-15T07:10:31.635+0000] {subprocess.py:106} INFO - [0m07:10:31  Concurrency: 1 threads (target='dev')
[2025-04-15T07:10:31.635+0000] {subprocess.py:106} INFO - [0m07:10:31
[2025-04-15T07:10:35.886+0000] {subprocess.py:106} INFO - [0m07:10:35  1 of 2 START sql table model dbt_f***_day2.my_first_dbt_model .............. [RUN]
[2025-04-15T07:10:39.977+0000] {subprocess.py:106} INFO - [0m07:10:39  1 of 2 OK created sql table model dbt_f***_day2.my_first_dbt_model ......... [[32mCREATE TABLE (2.0 rows, 0 processed)[0m in 4.09s]
[2025-04-15T07:10:39.980+0000] {subprocess.py:106} INFO - [0m07:10:39  2 of 2 START sql view model dbt_f***_day2.my_second_dbt_model .............. [RUN]
[2025-04-15T07:10:42.038+0000] {subprocess.py:106} INFO - [0m07:10:42  2 of 2 OK created sql view model dbt_f***_day2.my_second_dbt_model ......... [[32mCREATE VIEW (0 processed)[0m in 2.06s]
[2025-04-15T07:10:42.094+0000] {subprocess.py:106} INFO - [0m07:10:42
[2025-04-15T07:10:42.094+0000] {subprocess.py:106} INFO - [0m07:10:42  Finished running 1 table model, 1 view model in 0 hours 0 minutes and 10.46 seconds (10.46s).
[2025-04-15T07:10:42.145+0000] {subprocess.py:106} INFO - [0m07:10:42
[2025-04-15T07:10:42.145+0000] {subprocess.py:106} INFO - [0m07:10:42  [32mCompleted successfully[0m
[2025-04-15T07:10:42.146+0000] {subprocess.py:106} INFO - [0m07:10:42
[2025-04-15T07:10:42.146+0000] {subprocess.py:106} INFO - [0m07:10:42  Done. PASS=2 WARN=0 ERROR=0 SKIP=0 TOTAL=2
[2025-04-15T07:10:43.589+0000] {subprocess.py:110} INFO - Command exited with return code 0
[2025-04-15T07:10:43.637+0000] {taskinstance.py:340} INFO - ::group::Post task execution logs
[2025-04-15T07:10:43.638+0000] {taskinstance.py:352} INFO - Marking task as SUCCESS. dag_id=dbt_basics, task_id=dbt_run, run_id=scheduled__2025-04-14T00:00:00+00:00, execution_date=20250414T000000, start_date=20250415T071020, end_date=20250415T071043
[2025-04-15T07:10:43.665+0000] {local_task_job_runner.py:266} INFO - Task exited with return code 0
[2025-04-15T07:10:43.702+0000] {taskinstance.py:3895} INFO - 1 downstream tasks scheduled from follow-on schedule check
[2025-04-15T07:10:43.704+0000] {local_task_job_runner.py:245} INFO - ::endgroup::
