[2025-04-15T07:26:35.597+0000] {local_task_job_runner.py:123} INFO - ::group::Pre task execution logs
[2025-04-15T07:26:35.630+0000] {taskinstance.py:2613} INFO - Dependencies all met for dep_context=non-requeueable deps ti=<TaskInstance: dbt_advanced.model.dbt_lewagon.my_first_dbt_model manual__2025-04-15T07:26:34.586994+00:00 [queued]>
[2025-04-15T07:26:35.640+0000] {taskinstance.py:2613} INFO - Dependencies all met for dep_context=requeueable deps ti=<TaskInstance: dbt_advanced.model.dbt_lewagon.my_first_dbt_model manual__2025-04-15T07:26:34.586994+00:00 [queued]>
[2025-04-15T07:26:35.640+0000] {taskinstance.py:2866} INFO - Starting attempt 1 of 1
[2025-04-15T07:26:35.655+0000] {taskinstance.py:2889} INFO - Executing <Task(BashOperator): model.dbt_lewagon.my_first_dbt_model> on 2025-04-15 07:26:34.586994+00:00
[2025-04-15T07:26:35.668+0000] {standard_task_runner.py:104} INFO - Running: ['airflow', 'tasks', 'run', 'dbt_advanced', 'model.dbt_lewagon.my_first_dbt_model', 'manual__2025-04-15T07:26:34.586994+00:00', '--job-id', '6', '--raw', '--subdir', 'DAGS_FOLDER/advanced/dbt_advanced.py', '--cfg-path', '/tmp/tmpwmo6d1mu']
[2025-04-15T07:26:35.671+0000] {standard_task_runner.py:105} INFO - Job 6: Subtask model.dbt_lewagon.my_first_dbt_model
[2025-04-15T07:26:35.676+0000] {logging_mixin.py:190} WARNING - /root/.cache/pypoetry/virtualenvs/02-dbt-in-airflow-BsnH11MF-py3.12/lib/python3.12/site-packages/airflow/task/task_runner/standard_task_runner.py:70 DeprecationWarning: This process (pid=1171) is multi-threaded, use of fork() may lead to deadlocks in the child.
[2025-04-15T07:26:35.677+0000] {standard_task_runner.py:72} INFO - Started process 1173 to run task
[2025-04-15T07:26:35.766+0000] {task_command.py:467} INFO - Running <TaskInstance: dbt_advanced.model.dbt_lewagon.my_first_dbt_model manual__2025-04-15T07:26:34.586994+00:00 [running]> on host 9a8ef20dd1da
[2025-04-15T07:26:35.889+0000] {taskinstance.py:3132} INFO - Exporting env vars: AIRFLOW_CTX_DAG_OWNER='airflow' AIRFLOW_CTX_DAG_ID='dbt_advanced' AIRFLOW_CTX_TASK_ID='model.dbt_lewagon.my_first_dbt_model' AIRFLOW_CTX_EXECUTION_DATE='2025-04-15T07:26:34.586994+00:00' AIRFLOW_CTX_TRY_NUMBER='1' AIRFLOW_CTX_DAG_RUN_ID='manual__2025-04-15T07:26:34.586994+00:00'
[2025-04-15T07:26:35.890+0000] {taskinstance.py:731} INFO - ::endgroup::
[2025-04-15T07:26:35.911+0000] {subprocess.py:78} INFO - Tmp dir root location: /tmp
[2025-04-15T07:26:35.912+0000] {subprocess.py:88} INFO - Running command: ['/usr/bin/bash', '-c', 'dbt run --models my_first_dbt_model --project-dir /app/airflow/dbt_lewagon']
[2025-04-15T07:26:35.923+0000] {subprocess.py:99} INFO - Output:
[2025-04-15T07:26:38.053+0000] {subprocess.py:106} INFO - [0m07:26:38  Running with dbt=1.9.1
[2025-04-15T07:26:39.589+0000] {subprocess.py:106} INFO - [0m07:26:39  Registered adapter: bigquery=1.9.0
[2025-04-15T07:26:40.003+0000] {subprocess.py:106} INFO - [0m07:26:40  Unable to do partial parsing because profile has changed
[2025-04-15T07:26:42.117+0000] {subprocess.py:106} INFO - [0m07:26:42  Found 2 models, 4 data tests, 489 macros
[2025-04-15T07:26:42.120+0000] {subprocess.py:106} INFO - [0m07:26:42
[2025-04-15T07:26:42.121+0000] {subprocess.py:106} INFO - [0m07:26:42  Concurrency: 1 threads (target='dev')
[2025-04-15T07:26:42.121+0000] {subprocess.py:106} INFO - [0m07:26:42
[2025-04-15T07:26:46.898+0000] {subprocess.py:106} INFO - [0m07:26:46  1 of 1 START sql table model dbt_f***_day2_advanced.my_first_dbt_model ..... [RUN]
[2025-04-15T07:26:51.266+0000] {subprocess.py:106} INFO - [0m07:26:51  1 of 1 OK created sql table model dbt_f***_day2_advanced.my_first_dbt_model  [[32mCREATE TABLE (2.0 rows, 0 processed)[0m in 4.36s]
[2025-04-15T07:26:51.330+0000] {subprocess.py:106} INFO - [0m07:26:51
[2025-04-15T07:26:51.330+0000] {subprocess.py:106} INFO - [0m07:26:51  Finished running 1 table model in 0 hours 0 minutes and 9.21 seconds (9.21s).
[2025-04-15T07:26:51.383+0000] {subprocess.py:106} INFO - [0m07:26:51
[2025-04-15T07:26:51.384+0000] {subprocess.py:106} INFO - [0m07:26:51  [32mCompleted successfully[0m
[2025-04-15T07:26:51.384+0000] {subprocess.py:106} INFO - [0m07:26:51
[2025-04-15T07:26:51.385+0000] {subprocess.py:106} INFO - [0m07:26:51  Done. PASS=1 WARN=0 ERROR=0 SKIP=0 TOTAL=1
[2025-04-15T07:26:52.758+0000] {subprocess.py:110} INFO - Command exited with return code 0
[2025-04-15T07:26:52.799+0000] {taskinstance.py:340} INFO - ::group::Post task execution logs
[2025-04-15T07:26:52.799+0000] {taskinstance.py:352} INFO - Marking task as SUCCESS. dag_id=dbt_advanced, task_id=model.dbt_lewagon.my_first_dbt_model, run_id=manual__2025-04-15T07:26:34.586994+00:00, execution_date=20250415T072634, start_date=20250415T072635, end_date=20250415T072652
[2025-04-15T07:26:52.822+0000] {local_task_job_runner.py:266} INFO - Task exited with return code 0
[2025-04-15T07:26:52.857+0000] {taskinstance.py:3895} INFO - 3 downstream tasks scheduled from follow-on schedule check
[2025-04-15T07:26:52.859+0000] {local_task_job_runner.py:245} INFO - ::endgroup::
